c:\svn\directx\07_indexbuffer\debug\vc141.pdb
c:\svn\directx\07_indexbuffer\debug\vc141.idb
c:\svn\directx\07_indexbuffer\debug\07_main.obj
f:\ydwrepos\directx\07_indexbuffer\debug\vc142.pdb
f:\ydwrepos\directx\07_indexbuffer\debug\vc142.idb
f:\ydwrepos\directx\07_indexbuffer\debug\07_main.obj
c:\users\administrator\documents\github\ydwrepos\directx\07_indexbuffer\debug\vc141.pdb
c:\users\administrator\documents\github\ydwrepos\directx\07_indexbuffer\debug\vc141.idb
c:\users\administrator\documents\github\ydwrepos\directx\07_indexbuffer\debug\07_main.obj
c:\svn\directx\debug\07_indexbuffer.exe
c:\svn\directx\debug\07_indexbuffer.ilk
c:\svn\directx\debug\07_indexbuffer.pdb
f:\ydwrepos\directx\debug\07_indexbuffer.ilk
f:\ydwrepos\directx\debug\07_indexbuffer.exe
f:\ydwrepos\directx\debug\07_indexbuffer.pdb
c:\users\administrator\documents\github\ydwrepos\directx\debug\07_indexbuffer.ilk
c:\users\administrator\documents\github\ydwrepos\directx\debug\07_indexbuffer.exe
c:\users\administrator\documents\github\ydwrepos\directx\debug\07_indexbuffer.pdb
c:\users\administrator\documents\github\ydwrepos\directx\07_indexbuffer\debug\vc142.idb
c:\users\administrator\documents\github\ydwrepos\directx\07_indexbuffer\debug\vc142.pdb
c:\users\administrator\documents\github\ydwrepos\directx\07_indexbuffer\debug\07_indexbuffer.tlog\cl.command.1.tlog
c:\users\administrator\documents\github\ydwrepos\directx\07_indexbuffer\debug\07_indexbuffer.tlog\cl.read.1.tlog
c:\users\administrator\documents\github\ydwrepos\directx\07_indexbuffer\debug\07_indexbuffer.tlog\cl.write.1.tlog
c:\users\administrator\documents\github\ydwrepos\directx\07_indexbuffer\debug\07_indexbuffer.tlog\link.command.1.tlog
c:\users\administrator\documents\github\ydwrepos\directx\07_indexbuffer\debug\07_indexbuffer.tlog\link.read.1.tlog
c:\users\administrator\documents\github\ydwrepos\directx\07_indexbuffer\debug\07_indexbuffer.tlog\link.write.1.tlog
