  GameManager.cpp
d:\gitrepos\ydwrepos\battlecity\battlecityproject\battlecityingame\imagenum.h(3): error C2011: 'IMAGENUM': 'enum' 형식 재정의
  d:\gitrepos\ydwrepos\battlecity\battlecityproject\battlecity\resourcemanager.h(8): note: 'IMAGENUM' 선언을 참조하십시오.
d:\gitrepos\ydwrepos\battlecity\battlecityproject\battlecity\editorblocktype.h(4): error C2011: 'BLOCKTYPE': 'enum' 형식 재정의
  d:\gitrepos\ydwrepos\battlecity\battlecityproject\battlecityingame\gamemanager.h(17): note: 'BLOCKTYPE' 선언을 참조하십시오.
d:\gitrepos\ydwrepos\battlecity\battlecityproject\battlecity\gamemanager.h(23): error C2011: 'Scene': 'enum' 형식 재정의
  d:\gitrepos\ydwrepos\battlecity\battlecityproject\battlecityingame\gamemanager.h(56): note: 'Scene' 선언을 참조하십시오.
d:\gitrepos\ydwrepos\battlecity\battlecityproject\battlecity\gamemanager.h(30): error C2011: 'MapStackInfo': 'struct' 형식 재정의
  d:\gitrepos\ydwrepos\battlecity\battlecityproject\battlecityingame\gamemanager.h(62): note: 'MapStackInfo' 선언을 참조하십시오.
d:\gitrepos\ydwrepos\battlecity\battlecityproject\battlecity\gamemanager.h(35): error C2011: 'GameManager': 'class' 형식 재정의
  d:\gitrepos\ydwrepos\battlecity\battlecityproject\battlecityingame\gamemanager.h(67): note: 'GameManager' 선언을 참조하십시오.
d:\gitrepos\ydwrepos\battlecity\battlecityproject\battlecity\gamemanager.cpp(7): error C2027: 정의되지 않은 형식 'GameManager'을(를) 사용했습니다.
  d:\gitrepos\ydwrepos\battlecity\battlecityproject\battlecityingame\gamemanager.h(67): note: 'GameManager' 선언을 참조하십시오.
d:\gitrepos\ydwrepos\battlecity\battlecityproject\battlecity\gamemanager.cpp(17): error C2027: 정의되지 않은 형식 'GameManager'을(를) 사용했습니다.
  d:\gitrepos\ydwrepos\battlecity\battlecityproject\battlecityingame\gamemanager.h(67): note: 'GameManager' 선언을 참조하십시오.
d:\gitrepos\ydwrepos\battlecity\battlecityproject\battlecity\gamemanager.cpp(22): error C2065: 'Timer': 선언되지 않은 식별자입니다.
d:\gitrepos\ydwrepos\battlecity\battlecityproject\battlecity\gamemanager.cpp(24): error C2065: 'TitleFont': 선언되지 않은 식별자입니다.
d:\gitrepos\ydwrepos\battlecity\battlecityproject\battlecity\gamemanager.cpp(26): error C3861: 'SetTimers': 식별자를 찾을 수 없습니다.
d:\gitrepos\ydwrepos\battlecity\battlecityproject\battlecity\gamemanager.cpp(29): error C2065: 'blocks': 선언되지 않은 식별자입니다.
d:\gitrepos\ydwrepos\battlecity\battlecityproject\battlecity\gamemanager.cpp(31): error C2027: 정의되지 않은 형식 'GameManager'을(를) 사용했습니다.
  d:\gitrepos\ydwrepos\battlecity\battlecityproject\battlecityingame\gamemanager.h(67): note: 'GameManager' 선언을 참조하십시오.
d:\gitrepos\ydwrepos\battlecity\battlecityproject\battlecity\gamemanager.cpp(33): error C3861: 'CheckTileInput': 식별자를 찾을 수 없습니다.
d:\gitrepos\ydwrepos\battlecity\battlecityproject\battlecity\gamemanager.cpp(36): error C2027: 정의되지 않은 형식 'GameManager'을(를) 사용했습니다.
  d:\gitrepos\ydwrepos\battlecity\battlecityproject\battlecityingame\gamemanager.h(67): note: 'GameManager' 선언을 참조하십시오.
d:\gitrepos\ydwrepos\battlecity\battlecityproject\battlecity\gamemanager.cpp(47): error C2065: 'TileImageSizeY': 선언되지 않은 식별자입니다.
d:\gitrepos\ydwrepos\battlecity\battlecityproject\battlecity\gamemanager.cpp(47): error C2065: 'GameOffsetY': 선언되지 않은 식별자입니다.
d:\gitrepos\ydwrepos\battlecity\battlecityproject\battlecity\gamemanager.cpp(48): error C2065: 'TileImageSizeY': 선언되지 않은 식별자입니다.
d:\gitrepos\ydwrepos\battlecity\battlecityproject\battlecity\gamemanager.cpp(48): error C2065: 'GameOffsetY': 선언되지 않은 식별자입니다.
d:\gitrepos\ydwrepos\battlecity\battlecityproject\battlecity\gamemanager.cpp(49): error C2065: 'TileImageSizeX': 선언되지 않은 식별자입니다.
d:\gitrepos\ydwrepos\battlecity\battlecityproject\battlecity\gamemanager.cpp(49): error C2065: 'GameOffsetX': 선언되지 않은 식별자입니다.
d:\gitrepos\ydwrepos\battlecity\battlecityproject\battlecity\gamemanager.cpp(50): error C2065: 'TileImageSizeX': 선언되지 않은 식별자입니다.
d:\gitrepos\ydwrepos\battlecity\battlecityproject\battlecity\gamemanager.cpp(50): error C2065: 'GameOffsetX': 선언되지 않은 식별자입니다.
d:\gitrepos\ydwrepos\battlecity\battlecityproject\battlecity\gamemanager.cpp(58): error C2079: 'mapStackInfo'은(는) 정의되지 않은 struct 'MapStackInfo'을(를) 사용합니다.
d:\gitrepos\ydwrepos\battlecity\battlecityproject\battlecity\gamemanager.cpp(61): error C2065: 'mapTile': 선언되지 않은 식별자입니다.
d:\gitrepos\ydwrepos\battlecity\battlecityproject\battlecity\gamemanager.cpp(62): error C2065: 'mapTileUndoStack': 선언되지 않은 식별자입니다.
d:\gitrepos\ydwrepos\battlecity\battlecityproject\battlecity\gamemanager.cpp(65): error C2065: 'mapTile': 선언되지 않은 식별자입니다.
d:\gitrepos\ydwrepos\battlecity\battlecityproject\battlecity\gamemanager.cpp(72): error C2027: 정의되지 않은 형식 'GameManager'을(를) 사용했습니다.
  d:\gitrepos\ydwrepos\battlecity\battlecityproject\battlecityingame\gamemanager.h(67): note: 'GameManager' 선언을 참조하십시오.
d:\gitrepos\ydwrepos\battlecity\battlecityproject\battlecity\gamemanager.cpp(74): error C2065: 'TimerReset': 선언되지 않은 식별자입니다.
d:\gitrepos\ydwrepos\battlecity\battlecityproject\battlecity\gamemanager.cpp(75): error C2065: 'TimerReset': 선언되지 않은 식별자입니다.
d:\gitrepos\ydwrepos\battlecity\battlecityproject\battlecity\gamemanager.cpp(76): error C2065: 'TimerReset': 선언되지 않은 식별자입니다.
d:\gitrepos\ydwrepos\battlecity\battlecityproject\battlecity\gamemanager.cpp(77): error C2065: 'TimerReset': 선언되지 않은 식별자입니다.
d:\gitrepos\ydwrepos\battlecity\battlecityproject\battlecity\gamemanager.cpp(79): error C2027: 정의되지 않은 형식 'GameManager'을(를) 사용했습니다.
  d:\gitrepos\ydwrepos\battlecity\battlecityproject\battlecityingame\gamemanager.h(67): note: 'GameManager' 선언을 참조하십시오.
d:\gitrepos\ydwrepos\battlecity\battlecityproject\battlecity\gamemanager.cpp(85): error C2065: 'mapTile': 선언되지 않은 식별자입니다.
d:\gitrepos\ydwrepos\battlecity\battlecityproject\battlecity\gamemanager.cpp(90): error C2027: 정의되지 않은 형식 'GameManager'을(를) 사용했습니다.
  d:\gitrepos\ydwrepos\battlecity\battlecityproject\battlecityingame\gamemanager.h(67): note: 'GameManager' 선언을 참조하십시오.
d:\gitrepos\ydwrepos\battlecity\battlecityproject\battlecity\gamemanager.cpp(99): error C2065: 'mapTile': 선언되지 않은 식별자입니다.
d:\gitrepos\ydwrepos\battlecity\battlecityproject\battlecity\gamemanager.cpp(107): error C2027: 정의되지 않은 형식 'GameManager'을(를) 사용했습니다.
  d:\gitrepos\ydwrepos\battlecity\battlecityproject\battlecityingame\gamemanager.h(67): note: 'GameManager' 선언을 참조하십시오.
d:\gitrepos\ydwrepos\battlecity\battlecityproject\battlecity\gamemanager.cpp(111): error C2065: 'mapTileUndoStack': 선언되지 않은 식별자입니다.
d:\gitrepos\ydwrepos\battlecity\battlecityproject\battlecity\gamemanager.cpp(115): error C2079: 'tempRedo'은(는) 정의되지 않은 struct 'MapStackInfo'을(를) 사용합니다.
d:\gitrepos\ydwrepos\battlecity\battlecityproject\battlecity\gamemanager.cpp(117): error C2065: 'mapTileUndoStack': 선언되지 않은 식별자입니다.
d:\gitrepos\ydwrepos\battlecity\battlecityproject\battlecity\gamemanager.cpp(118): error C2065: 'mapTileUndoStack': 선언되지 않은 식별자입니다.
d:\gitrepos\ydwrepos\battlecity\battlecityproject\battlecity\gamemanager.cpp(119): error C2065: 'mapTile': 선언되지 않은 식별자입니다.
d:\gitrepos\ydwrepos\battlecity\battlecityproject\battlecity\gamemanager.cpp(119): error C2065: 'mapTileUndoStack': 선언되지 않은 식별자입니다.
d:\gitrepos\ydwrepos\battlecity\battlecityproject\battlecity\gamemanager.cpp(120): error C2065: 'mapTileRedoStack': 선언되지 않은 식별자입니다.
d:\gitrepos\ydwrepos\battlecity\battlecityproject\battlecity\gamemanager.cpp(124): error C2065: 'mapTile': 선언되지 않은 식별자입니다.
d:\gitrepos\ydwrepos\battlecity\battlecityproject\battlecity\gamemanager.cpp(124): error C2065: 'mapTileUndoStack': 선언되지 않은 식별자입니다.
d:\gitrepos\ydwrepos\battlecity\battlecityproject\battlecity\gamemanager.cpp(125): error C2065: 'mapTileUndoStack': 선언되지 않은 식별자입니다.
d:\gitrepos\ydwrepos\battlecity\battlecityproject\battlecity\gamemanager.cpp(127): error C2027: 정의되지 않은 형식 'GameManager'을(를) 사용했습니다.
  d:\gitrepos\ydwrepos\battlecity\battlecityproject\battlecityingame\gamemanager.h(67): note: 'GameManager' 선언을 참조하십시오.
d:\gitrepos\ydwrepos\battlecity\battlecityproject\battlecity\gamemanager.cpp(130): error C2065: 'mapTileRedoStack': 선언되지 않은 식별자입니다.
d:\gitrepos\ydwrepos\battlecity\battlecityproject\battlecity\gamemanager.cpp(134): error C2079: 'tempUndo'은(는) 정의되지 않은 struct 'MapStackInfo'을(를) 사용합니다.
d:\gitrepos\ydwrepos\battlecity\battlecityproject\battlecity\gamemanager.cpp(136): error C2065: 'mapTileRedoStack': 선언되지 않은 식별자입니다.
d:\gitrepos\ydwrepos\battlecity\battlecityproject\battlecity\gamemanager.cpp(137): error C2065: 'mapTileRedoStack': 선언되지 않은 식별자입니다.
d:\gitrepos\ydwrepos\battlecity\battlecityproject\battlecity\gamemanager.cpp(138): error C2065: 'mapTile': 선언되지 않은 식별자입니다.
d:\gitrepos\ydwrepos\battlecity\battlecityproject\battlecity\gamemanager.cpp(140): error C2065: 'mapTileUndoStack': 선언되지 않은 식별자입니다.
d:\gitrepos\ydwrepos\battlecity\battlecityproject\battlecity\gamemanager.cpp(143): error C2065: 'mapTile': 선언되지 않은 식별자입니다.
d:\gitrepos\ydwrepos\battlecity\battlecityproject\battlecity\gamemanager.cpp(143): error C2065: 'mapTileRedoStack': 선언되지 않은 식별자입니다.
d:\gitrepos\ydwrepos\battlecity\battlecityproject\battlecity\gamemanager.cpp(144): error C2065: 'mapTileRedoStack': 선언되지 않은 식별자입니다.
d:\gitrepos\ydwrepos\battlecity\battlecityproject\battlecity\gamemanager.cpp(148): error C2027: 정의되지 않은 형식 'GameManager'을(를) 사용했습니다.
  d:\gitrepos\ydwrepos\battlecity\battlecityproject\battlecityingame\gamemanager.h(67): note: 'GameManager' 선언을 참조하십시오.
d:\gitrepos\ydwrepos\battlecity\battlecityproject\battlecity\gamemanager.cpp(151): error C3861: 'EditModeUpdate': 식별자를 찾을 수 없습니다.
d:\gitrepos\ydwrepos\battlecity\battlecityproject\battlecity\gamemanager.cpp(153): error C2027: 정의되지 않은 형식 'GameManager'을(를) 사용했습니다.
  d:\gitrepos\ydwrepos\battlecity\battlecityproject\battlecityingame\gamemanager.h(67): note: 'GameManager' 선언을 참조하십시오.
d:\gitrepos\ydwrepos\battlecity\battlecityproject\battlecity\gamemanager.cpp(155): error C2065: 'Timer': 선언되지 않은 식별자입니다.
d:\gitrepos\ydwrepos\battlecity\battlecityproject\battlecity\gamemanager.cpp(157): error C2065: 'Timer': 선언되지 않은 식별자입니다.
d:\gitrepos\ydwrepos\battlecity\battlecityproject\battlecity\gamemanager.cpp(157): error C2065: 'TimerReset': 선언되지 않은 식별자입니다.
d:\gitrepos\ydwrepos\battlecity\battlecityproject\battlecity\gamemanager.cpp(159): error C2065: 'Timer': 선언되지 않은 식별자입니다.
d:\gitrepos\ydwrepos\battlecity\battlecityproject\battlecity\gamemanager.cpp(162): error C2027: 정의되지 않은 형식 'GameManager'을(를) 사용했습니다.
  d:\gitrepos\ydwrepos\battlecity\battlecityproject\battlecityingame\gamemanager.h(67): note: 'GameManager' 선언을 참조하십시오.
d:\gitrepos\ydwrepos\battlecity\battlecityproject\battlecity\gamemanager.cpp(165): error C2027: 정의되지 않은 형식 'GameManager'을(를) 사용했습니다.
  d:\gitrepos\ydwrepos\battlecity\battlecityproject\battlecityingame\gamemanager.h(67): note: 'GameManager' 선언을 참조하십시오.
d:\gitrepos\ydwrepos\battlecity\battlecityproject\battlecity\gamemanager.cpp(168): error C3861: 'MenuBlockDraw': 식별자를 찾을 수 없습니다.
d:\gitrepos\ydwrepos\battlecity\battlecityproject\battlecity\gamemanager.cpp(174): error C2065: 'mapTile': 선언되지 않은 식별자입니다.
d:\gitrepos\ydwrepos\battlecity\battlecityproject\battlecity\gamemanager.cpp(174): error C3861: 'DrawTile': 식별자를 찾을 수 없습니다.
d:\gitrepos\ydwrepos\battlecity\battlecityproject\battlecity\gamemanager.cpp(181): error C2027: 정의되지 않은 형식 'GameManager'을(를) 사용했습니다.
  d:\gitrepos\ydwrepos\battlecity\battlecityproject\battlecityingame\gamemanager.h(67): note: 'GameManager' 선언을 참조하십시오.
d:\gitrepos\ydwrepos\battlecity\battlecityproject\battlecity\gamemanager.cpp(199): error C2065: 'blocks': 선언되지 않은 식별자입니다.
d:\gitrepos\ydwrepos\battlecity\battlecityproject\battlecity\gamemanager.cpp(200): error C2065: 'blocks': 선언되지 않은 식별자입니다.
d:\gitrepos\ydwrepos\battlecity\battlecityproject\battlecity\gamemanager.cpp(202): error C2065: 'blocks': 선언되지 않은 식별자입니다.
d:\gitrepos\ydwrepos\battlecity\battlecityproject\battlecity\gamemanager.cpp(203): error C2065: 'blocks': 선언되지 않은 식별자입니다.
d:\gitrepos\ydwrepos\battlecity\battlecityproject\battlecity\gamemanager.cpp(205): error C2065: 'blocks': 선언되지 않은 식별자입니다.
d:\gitrepos\ydwrepos\battlecity\battlecityproject\battlecity\gamemanager.cpp(206): error C2065: 'blocks': 선언되지 않은 식별자입니다.
d:\gitrepos\ydwrepos\battlecity\battlecityproject\battlecity\gamemanager.cpp(208): error C2065: 'blocks': 선언되지 않은 식별자입니다.
d:\gitrepos\ydwrepos\battlecity\battlecityproject\battlecity\gamemanager.cpp(209): error C2065: 'blocks': 선언되지 않은 식별자입니다.
d:\gitrepos\ydwrepos\battlecity\battlecityproject\battlecity\gamemanager.cpp(213): error C2065: 'blocks': 선언되지 않은 식별자입니다.
d:\gitrepos\ydwrepos\battlecity\battlecityproject\battlecity\gamemanager.cpp(214): error C2065: 'blocks': 선언되지 않은 식별자입니다.
d:\gitrepos\ydwrepos\battlecity\battlecityproject\battlecity\gamemanager.cpp(215): error C2065: 'blocks': 선언되지 않은 식별자입니다.
d:\gitrepos\ydwrepos\battlecity\battlecityproject\battlecity\gamemanager.cpp(216): error C2065: 'blocks': 선언되지 않은 식별자입니다.
d:\gitrepos\ydwrepos\battlecity\battlecityproject\battlecity\gamemanager.cpp(220): error C2027: 정의되지 않은 형식 'GameManager'을(를) 사용했습니다.
  d:\gitrepos\ydwrepos\battlecity\battlecityproject\battlecityingame\gamemanager.h(67): note: 'GameManager' 선언을 참조하십시오.
d:\gitrepos\ydwrepos\battlecity\battlecityproject\battlecity\gamemanager.cpp(227): error C2065: 'blocks': 선언되지 않은 식별자입니다.
d:\gitrepos\ydwrepos\battlecity\battlecityproject\battlecity\gamemanager.cpp(227): error C2065: 'TileImageSizeX': 선언되지 않은 식별자입니다.
d:\gitrepos\ydwrepos\battlecity\battlecityproject\battlecity\gamemanager.cpp(227): error C2065: 'GameOffsetX': 선언되지 않은 식별자입니다.
d:\gitrepos\ydwrepos\battlecity\battlecityproject\battlecity\gamemanager.cpp(227): error C2065: 'TileImageSizeY': 선언되지 않은 식별자입니다.
d:\gitrepos\ydwrepos\battlecity\battlecityproject\battlecity\gamemanager.cpp(227): error C2065: 'GameOffsetY': 선언되지 않은 식별자입니다.
d:\gitrepos\ydwrepos\battlecity\battlecityproject\battlecity\gamemanager.cpp(228): error C2065: 'blocks': 선언되지 않은 식별자입니다.
d:\gitrepos\ydwrepos\battlecity\battlecityproject\battlecity\gamemanager.cpp(228): error C2065: 'TileImageSizeX': 선언되지 않은 식별자입니다.
d:\gitrepos\ydwrepos\battlecity\battlecityproject\battlecity\gamemanager.cpp(228): error C2065: 'GameOffsetX': 선언되지 않은 식별자입니다.
d:\gitrepos\ydwrepos\battlecity\battlecityproject\battlecity\gamemanager.cpp(228): error C2065: 'TileImageSizeY': 선언되지 않은 식별자입니다.
d:\gitrepos\ydwrepos\battlecity\battlecityproject\battlecity\gamemanager.cpp(228): error C2065: 'GameOffsetY': 선언되지 않은 식별자입니다.
d:\gitrepos\ydwrepos\battlecity\battlecityproject\battlecity\gamemanager.cpp(229): error C2065: 'blocks': 선언되지 않은 식별자입니다.
d:\gitrepos\ydwrepos\battlecity\battlecityproject\battlecity\gamemanager.cpp(229): error C2065: 'TileImageSizeX': 선언되지 않은 식별자입니다.
d:\gitrepos\ydwrepos\battlecity\battlecityproject\battlecity\gamemanager.cpp(229): error C2065: 'GameOffsetX': 선언되지 않은 식별자입니다.
d:\gitrepos\ydwrepos\battlecity\battlecityproject\battlecity\gamemanager.cpp(229): error C2065: 'TileImageSizeY': 선언되지 않은 식별자입니다.
d:\gitrepos\ydwrepos\battlecity\battlecityproject\battlecity\gamemanager.cpp(229): error C2065: 'GameOffsetY': 선언되지 않은 식별자입니다.
d:\gitrepos\ydwrepos\battlecity\battlecityproject\battlecity\gamemanager.cpp(230): error C2065: 'blocks': 선언되지 않은 식별자입니다.
d:\gitrepos\ydwrepos\battlecity\battlecityproject\battlecity\gamemanager.cpp(230): error C2065: 'TileImageSizeX': 선언되지 않은 식별자입니다.
d:\gitrepos\ydwrepos\battlecity\battlecityproject\battlecity\gamemanager.cpp(230): error C2065: 'GameOffsetX': 선언되지 않은 식별자입니다.
d:\gitrepos\ydwrepos\battlecity\battlecityproject\battlecity\gamemanager.cpp(230): error C2065: 'TileImageSizeY': 선언되지 않은 식별자입니다.
d:\gitrepos\ydwrepos\battlecity\battlecityproject\battlecity\gamemanager.cpp(230): fatal error C1003: 오류 수가 100개를 초과했습니다. 컴파일을 중지합니다.
