d:\class\6.1\neoacademy\neodirectx\neodirectx9\191022solarsystem\debug\vc141.pdb
d:\class\6.1\neoacademy\neodirectx\neodirectx9\191022solarsystem\debug\vc141.idb
d:\class\6.1\neoacademy\neodirectx\neodirectx9\191022solarsystem\debug\venus.obj
d:\class\6.1\neoacademy\neodirectx\neodirectx9\191022solarsystem\debug\sun.obj
d:\class\6.1\neoacademy\neodirectx\neodirectx9\191022solarsystem\debug\solarmanager.obj
d:\class\6.1\neoacademy\neodirectx\neodirectx9\191022solarsystem\debug\planet.obj
d:\class\6.1\neoacademy\neodirectx\neodirectx9\191022solarsystem\debug\moon.obj
d:\class\6.1\neoacademy\neodirectx\neodirectx9\191022solarsystem\debug\mercury.obj
d:\class\6.1\neoacademy\neodirectx\neodirectx9\191022solarsystem\debug\mars.obj
d:\class\6.1\neoacademy\neodirectx\neodirectx9\191022solarsystem\debug\main.obj
d:\class\6.1\neoacademy\neodirectx\neodirectx9\191022solarsystem\debug\earth.obj
d:\class\6.1\neoacademy\neodirectx\neodirectx9\debug\191022solarsystem.ilk
d:\class\6.1\neoacademy\neodirectx\neodirectx9\debug\191022solarsystem.exe
d:\class\6.1\neoacademy\neodirectx\neodirectx9\debug\191022solarsystem.pdb
c:\users\administrator\documents\github\ydwrepos\directx\solorks\debug\earth.obj
c:\users\administrator\documents\github\ydwrepos\directx\solorks\debug\main.obj
c:\users\administrator\documents\github\ydwrepos\directx\solorks\debug\mars.obj
c:\users\administrator\documents\github\ydwrepos\directx\solorks\debug\mercury.obj
c:\users\administrator\documents\github\ydwrepos\directx\solorks\debug\moon.obj
c:\users\administrator\documents\github\ydwrepos\directx\solorks\debug\planet.obj
c:\users\administrator\documents\github\ydwrepos\directx\solorks\debug\solarmanager.obj
c:\users\administrator\documents\github\ydwrepos\directx\solorks\debug\sun.obj
c:\users\administrator\documents\github\ydwrepos\directx\solorks\debug\venus.obj
c:\users\administrator\documents\github\ydwrepos\directx\solorks\debug\vc141.idb
c:\users\administrator\documents\github\ydwrepos\directx\solorks\debug\vc141.pdb
c:\users\administrator\documents\github\ydwrepos\directx\solorks\debug\191022so.e8dea25b.tlog\cl.command.1.tlog
c:\users\administrator\documents\github\ydwrepos\directx\solorks\debug\191022so.e8dea25b.tlog\cl.read.1.tlog
c:\users\administrator\documents\github\ydwrepos\directx\solorks\debug\191022so.e8dea25b.tlog\cl.write.1.tlog
c:\users\administrator\documents\github\ydwrepos\directx\solorks\debug\191022so.e8dea25b.tlog\link.command.1.tlog
c:\users\administrator\documents\github\ydwrepos\directx\solorks\debug\191022so.e8dea25b.tlog\link.read.1.tlog
c:\users\administrator\documents\github\ydwrepos\directx\solorks\debug\191022so.e8dea25b.tlog\link.write.1.tlog
