C:\Program Files (x86)\Microsoft Visual Studio\2017\Professional\Common7\IDE\VC\VCTargets\Microsoft.CppBuild.targets(391,5): warning MSB8028: 중간 디렉터리(x64\Debug\)에 다른 프로젝트(OmokProjectClient.vcxproj)에서 공유하는 파일이 포함되어 있습니다.  이로 인해 잘못된 정리 및 다시 빌드 동작이 수행될 수 있습니다.
  GameFrameWork.cpp
  IceClimberGameManager.cpp
c:\users\administrator\documents\github\ydwrepos\ydwprojects\iceclimberclient\iceclimberclient\iceclimbergamemanager.cpp(30): warning C4996: 'sprintf': This function or variable may be unsafe. Consider using sprintf_s instead. To disable deprecation, use _CRT_SECURE_NO_WARNINGS. See online help for details.
  c:\program files (x86)\windows kits\10\include\10.0.16299.0\ucrt\stdio.h(1772): note: 'sprintf' 선언을 참조하십시오.
c:\users\administrator\documents\github\ydwrepos\ydwprojects\iceclimberclient\iceclimberclient\iceclimbergamemanager.cpp(100): warning C4996: 'sprintf': This function or variable may be unsafe. Consider using sprintf_s instead. To disable deprecation, use _CRT_SECURE_NO_WARNINGS. See online help for details.
  c:\program files (x86)\windows kits\10\include\10.0.16299.0\ucrt\stdio.h(1772): note: 'sprintf' 선언을 참조하십시오.
c:\users\administrator\documents\github\ydwrepos\ydwprojects\iceclimberclient\iceclimberclient\iceclimbergamemanager.cpp(121): warning C4996: 'sprintf': This function or variable may be unsafe. Consider using sprintf_s instead. To disable deprecation, use _CRT_SECURE_NO_WARNINGS. See online help for details.
  c:\program files (x86)\windows kits\10\include\10.0.16299.0\ucrt\stdio.h(1772): note: 'sprintf' 선언을 참조하십시오.
c:\users\administrator\documents\github\ydwrepos\ydwprojects\iceclimberclient\iceclimberclient\iceclimbergamemanager.cpp(145): warning C4101: 'buf' :참조되지 않은 지역 변수입니다.
c:\users\administrator\documents\github\ydwrepos\ydwprojects\iceclimberclient\iceclimberclient\iceclimbergamemanager.cpp(168): warning C4101: 'buf' :참조되지 않은 지역 변수입니다.
c:\users\administrator\documents\github\ydwrepos\ydwprojects\iceclimberclient\iceclimberclient\iceclimbergamemanager.cpp(181): warning C4101: 'buf' :참조되지 않은 지역 변수입니다.
  PacketManager.cpp
c:\users\administrator\documents\github\ydwrepos\ydwprojects\iceclimberclient\iceclimberclient\packetmanager.cpp(80): warning C4996: 'strcpy': This function or variable may be unsafe. Consider using strcpy_s instead. To disable deprecation, use _CRT_SECURE_NO_WARNINGS. See online help for details.
  c:\program files (x86)\windows kits\10\include\10.0.16299.0\ucrt\string.h(132): note: 'strcpy' 선언을 참조하십시오.
c:\users\administrator\documents\github\ydwrepos\ydwprojects\iceclimberclient\iceclimberclient\packetmanager.cpp(91): warning C4996: 'strcpy': This function or variable may be unsafe. Consider using strcpy_s instead. To disable deprecation, use _CRT_SECURE_NO_WARNINGS. See online help for details.
  c:\program files (x86)\windows kits\10\include\10.0.16299.0\ucrt\string.h(132): note: 'strcpy' 선언을 참조하십시오.
c:\users\administrator\documents\github\ydwrepos\ydwprojects\iceclimberclient\iceclimberclient\packetmanager.cpp(105): warning C4996: 'strcpy': This function or variable may be unsafe. Consider using strcpy_s instead. To disable deprecation, use _CRT_SECURE_NO_WARNINGS. See online help for details.
  c:\program files (x86)\windows kits\10\include\10.0.16299.0\ucrt\string.h(132): note: 'strcpy' 선언을 참조하십시오.
c:\users\administrator\documents\github\ydwrepos\ydwprojects\iceclimberclient\iceclimberclient\packetmanager.cpp(126): warning C4996: 'strcpy': This function or variable may be unsafe. Consider using strcpy_s instead. To disable deprecation, use _CRT_SECURE_NO_WARNINGS. See online help for details.
  c:\program files (x86)\windows kits\10\include\10.0.16299.0\ucrt\string.h(132): note: 'strcpy' 선언을 참조하십시오.
c:\users\administrator\documents\github\ydwrepos\ydwprojects\iceclimberclient\iceclimberclient\packetmanager.cpp(129): warning C4996: 'strcpy': This function or variable may be unsafe. Consider using strcpy_s instead. To disable deprecation, use _CRT_SECURE_NO_WARNINGS. See online help for details.
  c:\program files (x86)\windows kits\10\include\10.0.16299.0\ucrt\string.h(132): note: 'strcpy' 선언을 참조하십시오.
c:\users\administrator\documents\github\ydwrepos\ydwprojects\iceclimberclient\iceclimberclient\packetmanager.cpp(130): warning C4996: 'strcpy': This function or variable may be unsafe. Consider using strcpy_s instead. To disable deprecation, use _CRT_SECURE_NO_WARNINGS. See online help for details.
  c:\program files (x86)\windows kits\10\include\10.0.16299.0\ucrt\string.h(132): note: 'strcpy' 선언을 참조하십시오.
c:\users\administrator\documents\github\ydwrepos\ydwprojects\iceclimberclient\iceclimberclient\packetmanager.cpp(155): warning C4996: 'strcpy': This function or variable may be unsafe. Consider using strcpy_s instead. To disable deprecation, use _CRT_SECURE_NO_WARNINGS. See online help for details.
  c:\program files (x86)\windows kits\10\include\10.0.16299.0\ucrt\string.h(132): note: 'strcpy' 선언을 참조하십시오.
c:\users\administrator\documents\github\ydwrepos\ydwprojects\iceclimberclient\iceclimberclient\packetmanager.cpp(156): warning C4996: 'strcpy': This function or variable may be unsafe. Consider using strcpy_s instead. To disable deprecation, use _CRT_SECURE_NO_WARNINGS. See online help for details.
  c:\program files (x86)\windows kits\10\include\10.0.16299.0\ucrt\string.h(132): note: 'strcpy' 선언을 참조하십시오.
c:\users\administrator\documents\github\ydwrepos\ydwprojects\iceclimberclient\iceclimberclient\packetmanager.cpp(241): warning C4996: 'itoa': The POSIX name for this item is deprecated. Instead, use the ISO C and C++ conformant name: _itoa. See online help for details.
  c:\program files (x86)\windows kits\10\include\10.0.16299.0\ucrt\stdlib.h(1334): note: 'itoa' 선언을 참조하십시오.
c:\users\administrator\documents\github\ydwrepos\ydwprojects\iceclimberclient\iceclimberclient\packetmanager.cpp(285): warning C4996: 'strcpy': This function or variable may be unsafe. Consider using strcpy_s instead. To disable deprecation, use _CRT_SECURE_NO_WARNINGS. See online help for details.
  c:\program files (x86)\windows kits\10\include\10.0.16299.0\ucrt\string.h(132): note: 'strcpy' 선언을 참조하십시오.
c:\users\administrator\documents\github\ydwrepos\ydwprojects\iceclimberclient\iceclimberclient\packetmanager.cpp(328): warning C4996: 'strcpy': This function or variable may be unsafe. Consider using strcpy_s instead. To disable deprecation, use _CRT_SECURE_NO_WARNINGS. See online help for details.
  c:\program files (x86)\windows kits\10\include\10.0.16299.0\ucrt\string.h(132): note: 'strcpy' 선언을 참조하십시오.
c:\users\administrator\documents\github\ydwrepos\ydwprojects\iceclimberclient\iceclimberclient\packetmanager.cpp(393): warning C4996: 'strcpy': This function or variable may be unsafe. Consider using strcpy_s instead. To disable deprecation, use _CRT_SECURE_NO_WARNINGS. See online help for details.
  c:\program files (x86)\windows kits\10\include\10.0.16299.0\ucrt\string.h(132): note: 'strcpy' 선언을 참조하십시오.
  main.cpp
  코드를 생성하고 있습니다...
  IceClimberClient.vcxproj -> C:\Users\Administrator\Documents\GitHub\ydwRepos\YDWProjects\IceClimberClient\IceClimberClient\.\Debug\IceClimberClient.exe
