  BattleCityIngameMain.cpp
  Bullet.cpp
c:\users\administrator\documents\github\ydwrepos\winapi_library\battlecityingame\bullet.cpp(12): warning C4244: '=': 'int'에서 'float'(으)로 변환하면서 데이터가 손실될 수 있습니다.
c:\users\administrator\documents\github\ydwrepos\winapi_library\battlecityingame\bullet.cpp(13): warning C4244: '=': 'int'에서 'float'(으)로 변환하면서 데이터가 손실될 수 있습니다.
c:\users\administrator\documents\github\ydwrepos\winapi_library\battlecityingame\bullet.cpp(16): warning C4244: '=': 'int'에서 'float'(으)로 변환하면서 데이터가 손실될 수 있습니다.
c:\users\administrator\documents\github\ydwrepos\winapi_library\battlecityingame\bullet.cpp(17): warning C4244: '=': 'int'에서 'float'(으)로 변환하면서 데이터가 손실될 수 있습니다.
c:\users\administrator\documents\github\ydwrepos\winapi_library\battlecityingame\bullet.cpp(20): warning C4244: '=': 'int'에서 'float'(으)로 변환하면서 데이터가 손실될 수 있습니다.
c:\users\administrator\documents\github\ydwrepos\winapi_library\battlecityingame\bullet.cpp(21): warning C4244: '=': 'int'에서 'float'(으)로 변환하면서 데이터가 손실될 수 있습니다.
c:\users\administrator\documents\github\ydwrepos\winapi_library\battlecityingame\bullet.cpp(24): warning C4244: '=': 'int'에서 'float'(으)로 변환하면서 데이터가 손실될 수 있습니다.
c:\users\administrator\documents\github\ydwrepos\winapi_library\battlecityingame\bullet.cpp(25): warning C4244: '=': 'int'에서 'float'(으)로 변환하면서 데이터가 손실될 수 있습니다.
c:\users\administrator\documents\github\ydwrepos\winapi_library\battlecityingame\bullet.cpp(31): warning C4244: '인수': 'float'에서 'int'(으)로 변환하면서 데이터가 손실될 수 있습니다.
c:\users\administrator\documents\github\ydwrepos\winapi_library\battlecityingame\bullet.cpp(62): warning C4244: '인수': 'float'에서 'int'(으)로 변환하면서 데이터가 손실될 수 있습니다.
  FontManager.cpp
  GameFrameWork.cpp
c:\users\administrator\documents\github\ydwrepos\winapi_library\battlecityingame\gameframework.cpp(6): warning C4244: '=': 'int'에서 'float'(으)로 변환하면서 데이터가 손실될 수 있습니다.
c:\users\administrator\documents\github\ydwrepos\winapi_library\battlecityingame\gameframework.cpp(7): warning C4244: '=': 'int'에서 'float'(으)로 변환하면서 데이터가 손실될 수 있습니다.
  GameManager.cpp
c:\users\administrator\documents\github\ydwrepos\winapi_library\battlecityingame\gamemanager.cpp(155): warning C4244: '인수': 'float'에서 'int'(으)로 변환하면서 데이터가 손실될 수 있습니다.
c:\users\administrator\documents\github\ydwrepos\winapi_library\battlecityingame\gamemanager.cpp(226): warning C4244: '=': 'float'에서 'LONG'(으)로 변환하면서 데이터가 손실될 수 있습니다.
c:\users\administrator\documents\github\ydwrepos\winapi_library\battlecityingame\gamemanager.cpp(227): warning C4244: '=': 'float'에서 'LONG'(으)로 변환하면서 데이터가 손실될 수 있습니다.
c:\users\administrator\documents\github\ydwrepos\winapi_library\battlecityingame\gamemanager.cpp(228): warning C4244: '=': 'float'에서 'LONG'(으)로 변환하면서 데이터가 손실될 수 있습니다.
c:\users\administrator\documents\github\ydwrepos\winapi_library\battlecityingame\gamemanager.cpp(229): warning C4244: '=': 'float'에서 'LONG'(으)로 변환하면서 데이터가 손실될 수 있습니다.
c:\users\administrator\documents\github\ydwrepos\winapi_library\battlecityingame\gamemanager.cpp(249): warning C4101: 'rcTemp' :참조되지 않은 지역 변수입니다.
c:\users\administrator\documents\github\ydwrepos\winapi_library\battlecityingame\gamemanager.cpp(283): warning C4244: '=': 'float'에서 'LONG'(으)로 변환하면서 데이터가 손실될 수 있습니다.
c:\users\administrator\documents\github\ydwrepos\winapi_library\battlecityingame\gamemanager.cpp(284): warning C4244: '=': 'float'에서 'LONG'(으)로 변환하면서 데이터가 손실될 수 있습니다.
c:\users\administrator\documents\github\ydwrepos\winapi_library\battlecityingame\gamemanager.cpp(285): warning C4244: '=': 'float'에서 'LONG'(으)로 변환하면서 데이터가 손실될 수 있습니다.
c:\users\administrator\documents\github\ydwrepos\winapi_library\battlecityingame\gamemanager.cpp(286): warning C4244: '=': 'float'에서 'LONG'(으)로 변환하면서 데이터가 손실될 수 있습니다.
  Player.cpp
c:\users\administrator\documents\github\ydwrepos\winapi_library\battlecityingame\player.cpp(49): warning C4244: '인수': 'float'에서 'int'(으)로 변환하면서 데이터가 손실될 수 있습니다.
  ResourceManager.cpp
  SpriteRenderer.cpp
  Tile.cpp
  코드를 생성하고 있습니다...
  BattleCityIngame.vcxproj -> C:\Users\Administrator\Documents\GitHub\ydwRepos\winAPI_Library\Debug\BattleCityIngame.exe
