f:\ydwrepos\directx\planet\debug\vc142.pdb
f:\ydwrepos\directx\planet\debug\vc142.idb
f:\ydwrepos\directx\planet\debug\08_main.obj
f:\ydwrepos\directx\planet\debug\planet.obj
f:\ydwrepos\directx\debug\planet.exe
f:\ydwrepos\directx\debug\planet.ilk
f:\ydwrepos\directx\debug\planet.pdb
c:\users\administrator\documents\github\ydwrepos\directx\planet\debug\08_main.obj
c:\users\administrator\documents\github\ydwrepos\directx\planet\debug\planet.obj
c:\users\administrator\documents\github\ydwrepos\directx\planet\debug\vc141.idb
c:\users\administrator\documents\github\ydwrepos\directx\planet\debug\vc142.idb
c:\users\administrator\documents\github\ydwrepos\directx\planet\debug\vc141.pdb
c:\users\administrator\documents\github\ydwrepos\directx\planet\debug\vc142.pdb
c:\users\administrator\documents\github\ydwrepos\directx\debug\planet.pdb
c:\users\administrator\documents\github\ydwrepos\directx\debug\planet.exe
c:\users\administrator\documents\github\ydwrepos\directx\debug\planet.ilk
c:\users\administrator\documents\github\ydwrepos\directx\planet\debug\planet.tlog\cl.command.1.tlog
c:\users\administrator\documents\github\ydwrepos\directx\planet\debug\planet.tlog\cl.read.1.tlog
c:\users\administrator\documents\github\ydwrepos\directx\planet\debug\planet.tlog\cl.write.1.tlog
c:\users\administrator\documents\github\ydwrepos\directx\planet\debug\planet.tlog\link.command.1.tlog
c:\users\administrator\documents\github\ydwrepos\directx\planet\debug\planet.tlog\link.read.1.tlog
c:\users\administrator\documents\github\ydwrepos\directx\planet\debug\planet.tlog\link.write.1.tlog
