c:\svn\강사님\directx\matrix_api\debug\vc141.pdb
c:\svn\강사님\directx\matrix_api\debug\vc141.idb
c:\svn\강사님\directx\matrix_api\debug\metrices_vector.obj
c:\svn\강사님\directx\matrix_api\debug\main.obj
f:\ydwrepos\directx\matrix_api\debug\vc142.pdb
f:\ydwrepos\directx\matrix_api\debug\vc142.idb
f:\ydwrepos\directx\matrix_api\debug\main.obj
c:\svn\강사님\directx\debug\matricesapi.exe
c:\svn\강사님\directx\debug\matricesapi.ilk
c:\svn\강사님\directx\debug\matricesapi.pdb
f:\ydwrepos\directx\debug\matricesapi.ilk
f:\ydwrepos\directx\debug\matricesapi.exe
f:\ydwrepos\directx\debug\matricesapi.pdb
c:\users\administrator\documents\github\ydwrepos\directx\matrix_api\debug\metrices_vector.obj
c:\users\administrator\documents\github\ydwrepos\directx\matrix_api\debug\vc141.idb
c:\users\administrator\documents\github\ydwrepos\directx\matrix_api\debug\vc142.idb
c:\users\administrator\documents\github\ydwrepos\directx\matrix_api\debug\vc141.pdb
c:\users\administrator\documents\github\ydwrepos\directx\matrix_api\debug\vc142.pdb
c:\users\administrator\documents\github\ydwrepos\directx\debug\matricesapi.pdb
c:\users\administrator\documents\github\ydwrepos\directx\debug\matricesapi.exe
c:\users\administrator\documents\github\ydwrepos\directx\debug\matricesapi.ilk
c:\users\administrator\documents\github\ydwrepos\directx\matrix_api\debug\matricesapi.tlog\cl.command.1.tlog
c:\users\administrator\documents\github\ydwrepos\directx\matrix_api\debug\matricesapi.tlog\cl.read.1.tlog
c:\users\administrator\documents\github\ydwrepos\directx\matrix_api\debug\matricesapi.tlog\cl.write.1.tlog
c:\users\administrator\documents\github\ydwrepos\directx\matrix_api\debug\matricesapi.tlog\link.command.1.tlog
c:\users\administrator\documents\github\ydwrepos\directx\matrix_api\debug\matricesapi.tlog\link.read.1.tlog
c:\users\administrator\documents\github\ydwrepos\directx\matrix_api\debug\matricesapi.tlog\link.write.1.tlog
