c:\users\ydw\desktop\ydwrepos\winapi_library\battlecity\debug\vc141.pdb
c:\users\ydw\desktop\ydwrepos\winapi_library\battlecity\debug\vc141.idb
c:\users\ydw\desktop\ydwrepos\winapi_library\battlecity\debug\tile.obj
c:\users\ydw\desktop\ydwrepos\winapi_library\battlecity\debug\spriterenderer.obj
c:\users\ydw\desktop\ydwrepos\winapi_library\battlecity\debug\resourcemanager.obj
c:\users\ydw\desktop\ydwrepos\winapi_library\battlecity\debug\player.obj
c:\users\ydw\desktop\ydwrepos\winapi_library\battlecity\debug\physics.obj
c:\users\ydw\desktop\ydwrepos\winapi_library\battlecity\debug\gamemanager.obj
c:\users\ydw\desktop\ydwrepos\winapi_library\battlecity\debug\fontmanager.obj
c:\users\ydw\desktop\ydwrepos\winapi_library\battlecity\debug\camera.obj
c:\users\ydw\desktop\ydwrepos\winapi_library\battlecity\debug\bitmap.obj
c:\users\ydw\desktop\ydwrepos\winapi_library\battlecity\debug\battlecitymain.obj
c:\users\ydw\desktop\ydwrepos\winapi_library\debug\battlecity_editor.exe
c:\users\ydw\desktop\ydwrepos\winapi_library\debug\battlecity_editor.ilk
c:\users\ydw\desktop\ydwrepos\winapi_library\debug\battlecity_editor.pdb
c:\users\ydw\desktop\ydwrepos\winapi_library\battlecity\debug\gameframework.obj
c:\users\ydw\desktop\ydwrepos\winapi_library\battlecity\debug\battleci.d002dedf.tlog\cl.command.1.tlog
c:\users\ydw\desktop\ydwrepos\winapi_library\battlecity\debug\battleci.d002dedf.tlog\cl.read.1.tlog
c:\users\ydw\desktop\ydwrepos\winapi_library\battlecity\debug\battleci.d002dedf.tlog\cl.write.1.tlog
c:\users\ydw\desktop\ydwrepos\winapi_library\battlecity\debug\battleci.d002dedf.tlog\link.command.1.tlog
c:\users\ydw\desktop\ydwrepos\winapi_library\battlecity\debug\battleci.d002dedf.tlog\link.read.1.tlog
c:\users\ydw\desktop\ydwrepos\winapi_library\battlecity\debug\battleci.d002dedf.tlog\link.write.1.tlog
