c:\users\administrator\documents\github\ydwrepos\omokclient\staticwinapilib\debug\staticwinapilib.pdb
c:\users\administrator\documents\github\ydwrepos\omokclient\staticwinapilib\debug\staticwinapilib.idb
c:\users\administrator\documents\github\ydwrepos\omokclient\staticwinapilib\debug\tile.obj
c:\users\administrator\documents\github\ydwrepos\omokclient\staticwinapilib\debug\spriterenderer.obj
c:\users\administrator\documents\github\ydwrepos\omokclient\staticwinapilib\debug\resourcemanager.obj
c:\users\administrator\documents\github\ydwrepos\omokclient\staticwinapilib\debug\physics.obj
c:\users\administrator\documents\github\ydwrepos\omokclient\staticwinapilib\debug\fontmanager.obj
c:\users\administrator\documents\github\ydwrepos\omokclient\staticwinapilib\debug\bitmap.obj
c:\users\administrator\documents\github\ydwrepos\omokclient\staticwinapilib\lib\staticwinapilib.lib
d:\gitrepos\ydwrepos\omokclient\staticwinapilib\debug\bitmap.obj
d:\gitrepos\ydwrepos\omokclient\staticwinapilib\debug\fontmanager.obj
d:\gitrepos\ydwrepos\omokclient\staticwinapilib\debug\physics.obj
d:\gitrepos\ydwrepos\omokclient\staticwinapilib\debug\resourcemanager.obj
d:\gitrepos\ydwrepos\omokclient\staticwinapilib\debug\spriterenderer.obj
d:\gitrepos\ydwrepos\omokclient\staticwinapilib\debug\tile.obj
d:\gitrepos\ydwrepos\omokclient\staticwinapilib\debug\staticwinapilib.idb
d:\gitrepos\ydwrepos\omokclient\staticwinapilib\debug\staticwinapilib.pdb
d:\gitrepos\ydwrepos\omokclient\staticwinapilib\lib\staticwinapilib.lib
d:\gitrepos\ydwrepos\omokclient\staticwinapilib\debug\staticwinapilib.tlog\cl.command.1.tlog
d:\gitrepos\ydwrepos\omokclient\staticwinapilib\debug\staticwinapilib.tlog\cl.read.1.tlog
d:\gitrepos\ydwrepos\omokclient\staticwinapilib\debug\staticwinapilib.tlog\cl.write.1.tlog
d:\gitrepos\ydwrepos\omokclient\staticwinapilib\debug\staticwinapilib.tlog\lib-link.write.1.tlog
d:\gitrepos\ydwrepos\omokclient\staticwinapilib\debug\staticwinapilib.tlog\lib.command.1.tlog
d:\gitrepos\ydwrepos\omokclient\staticwinapilib\debug\staticwinapilib.tlog\lib.read.1.tlog
