C:\Program Files (x86)\Microsoft Visual Studio\2019\Community\MSBuild\Microsoft\VC\v150\Microsoft.CppBuild.targets(377,5): warning MSB8004: Output 디렉터리가 슬래시로 끝나지 않습니다. Output 디렉터리의 적절한 평가를 허용하는 데 필요하므로 이 빌드 인스턴스에서 슬래시를 추가합니다.
C:\Program Files (x86)\Microsoft Visual Studio\2019\Community\MSBuild\Microsoft\VC\v150\Microsoft.CppBuild.targets(391,5): warning MSB8028: 중간 디렉터리(Debug\)에 다른 프로젝트(OmokProject.vcxproj)에서 공유하는 파일이 포함되어 있습니다.  이로 인해 잘못된 정리 및 다시 빌드 동작이 수행될 수 있습니다.
  GameManager.cpp
d:\gitrepos\ydwrepos\omokclient\omokprojectclient\gamemanager.cpp(79): warning C4996: 'sprintf': This function or variable may be unsafe. Consider using sprintf_s instead. To disable deprecation, use _CRT_SECURE_NO_WARNINGS. See online help for details.
  c:\program files (x86)\windows kits\10\include\10.0.16299.0\ucrt\stdio.h(1772): note: 'sprintf' 선언을 참조하십시오.
d:\gitrepos\ydwrepos\omokclient\omokprojectclient\gamemanager.cpp(260): warning C4996: 'sprintf': This function or variable may be unsafe. Consider using sprintf_s instead. To disable deprecation, use _CRT_SECURE_NO_WARNINGS. See online help for details.
  c:\program files (x86)\windows kits\10\include\10.0.16299.0\ucrt\stdio.h(1772): note: 'sprintf' 선언을 참조하십시오.
d:\gitrepos\ydwrepos\omokclient\omokprojectclient\gamemanager.cpp(308): warning C4996: 'strcpy': This function or variable may be unsafe. Consider using strcpy_s instead. To disable deprecation, use _CRT_SECURE_NO_WARNINGS. See online help for details.
  c:\program files (x86)\windows kits\10\include\10.0.16299.0\ucrt\string.h(132): note: 'strcpy' 선언을 참조하십시오.
d:\gitrepos\ydwrepos\omokclient\omokprojectclient\gamemanager.cpp(303): warning C4101: 'buf' :참조되지 않은 지역 변수입니다.
d:\gitrepos\ydwrepos\omokclient\omokprojectclient\gamemanager.cpp(332): warning C4996: 'strcpy': This function or variable may be unsafe. Consider using strcpy_s instead. To disable deprecation, use _CRT_SECURE_NO_WARNINGS. See online help for details.
  c:\program files (x86)\windows kits\10\include\10.0.16299.0\ucrt\string.h(132): note: 'strcpy' 선언을 참조하십시오.
d:\gitrepos\ydwrepos\omokclient\omokprojectclient\gamemanager.cpp(324): warning C4101: 'buf' :참조되지 않은 지역 변수입니다.
d:\gitrepos\ydwrepos\omokclient\omokprojectclient\gamemanager.cpp(362): warning C4996: 'strcpy': This function or variable may be unsafe. Consider using strcpy_s instead. To disable deprecation, use _CRT_SECURE_NO_WARNINGS. See online help for details.
  c:\program files (x86)\windows kits\10\include\10.0.16299.0\ucrt\string.h(132): note: 'strcpy' 선언을 참조하십시오.
d:\gitrepos\ydwrepos\omokclient\omokprojectclient\gamemanager.cpp(364): warning C4996: 'strcpy': This function or variable may be unsafe. Consider using strcpy_s instead. To disable deprecation, use _CRT_SECURE_NO_WARNINGS. See online help for details.
  c:\program files (x86)\windows kits\10\include\10.0.16299.0\ucrt\string.h(132): note: 'strcpy' 선언을 참조하십시오.
d:\gitrepos\ydwrepos\omokclient\omokprojectclient\gamemanager.cpp(429): warning C4996: 'itoa': The POSIX name for this item is deprecated. Instead, use the ISO C and C++ conformant name: _itoa. See online help for details.
  c:\program files (x86)\windows kits\10\include\10.0.16299.0\ucrt\stdlib.h(1334): note: 'itoa' 선언을 참조하십시오.
d:\gitrepos\ydwrepos\omokclient\omokprojectclient\gamemanager.cpp(440): warning C4996: 'strcpy': This function or variable may be unsafe. Consider using strcpy_s instead. To disable deprecation, use _CRT_SECURE_NO_WARNINGS. See online help for details.
  c:\program files (x86)\windows kits\10\include\10.0.16299.0\ucrt\string.h(132): note: 'strcpy' 선언을 참조하십시오.
d:\gitrepos\ydwrepos\omokclient\omokprojectclient\gamemanager.cpp(665): warning C4996: 'strcpy': This function or variable may be unsafe. Consider using strcpy_s instead. To disable deprecation, use _CRT_SECURE_NO_WARNINGS. See online help for details.
  c:\program files (x86)\windows kits\10\include\10.0.16299.0\ucrt\string.h(132): note: 'strcpy' 선언을 참조하십시오.
d:\gitrepos\ydwrepos\omokclient\omokprojectclient\gamemanager.cpp(666): warning C4996: 'strcpy': This function or variable may be unsafe. Consider using strcpy_s instead. To disable deprecation, use _CRT_SECURE_NO_WARNINGS. See online help for details.
  c:\program files (x86)\windows kits\10\include\10.0.16299.0\ucrt\string.h(132): note: 'strcpy' 선언을 참조하십시오.
d:\gitrepos\ydwrepos\omokclient\omokprojectclient\gamemanager.cpp(681): warning C4996: 'strcpy': This function or variable may be unsafe. Consider using strcpy_s instead. To disable deprecation, use _CRT_SECURE_NO_WARNINGS. See online help for details.
  c:\program files (x86)\windows kits\10\include\10.0.16299.0\ucrt\string.h(132): note: 'strcpy' 선언을 참조하십시오.
d:\gitrepos\ydwrepos\omokclient\omokprojectclient\gamemanager.cpp(682): warning C4996: 'strcpy': This function or variable may be unsafe. Consider using strcpy_s instead. To disable deprecation, use _CRT_SECURE_NO_WARNINGS. See online help for details.
  c:\program files (x86)\windows kits\10\include\10.0.16299.0\ucrt\string.h(132): note: 'strcpy' 선언을 참조하십시오.
  OmokProject.vcxproj -> D:\gitRepos\ydwRepos\OmokClient\OmokProjectClient\.\Release\OmokProjectClient.exe
