  ZFLog.cpp
c:\svn\강사님\directx\common\zflog.cpp(64): warning C4996: '_strdate': This function or variable may be unsafe. Consider using _strdate_s instead. To disable deprecation, use _CRT_SECURE_NO_WARNINGS. See online help for details.
  c:\program files (x86)\windows kits\10\include\10.0.17134.0\ucrt\time.h(290): note: '_strdate' 선언을 참조하십시오.
c:\svn\강사님\directx\common\zflog.cpp(65): warning C4996: '_strtime': This function or variable may be unsafe. Consider using _strtime_s instead. To disable deprecation, use _CRT_SECURE_NO_WARNINGS. See online help for details.
  c:\program files (x86)\windows kits\10\include\10.0.17134.0\ucrt\time.h(306): note: '_strtime' 선언을 참조하십시오.
c:\svn\강사님\directx\common\zflog.cpp(66): warning C4996: 'vsprintf': This function or variable may be unsafe. Consider using vsprintf_s instead. To disable deprecation, use _CRT_SECURE_NO_WARNINGS. See online help for details.
  c:\program files (x86)\windows kits\10\include\10.0.17134.0\ucrt\stdio.h(1469): note: 'vsprintf' 선언을 참조하십시오.
c:\svn\강사님\directx\common\zflog.cpp(78): warning C4996: 'fopen': This function or variable may be unsafe. Consider using fopen_s instead. To disable deprecation, use _CRT_SECURE_NO_WARNINGS. See online help for details.
  c:\program files (x86)\windows kits\10\include\10.0.17134.0\ucrt\stdio.h(208): note: 'fopen' 선언을 참조하십시오.
  ZFrustum.cpp
  11_Main.cpp
c:\svn\강사님\directx\common\zcamera.h(32): warning C4316: 'ZCamera': 힙에 할당된 개체가 16에 맞추어져 있지 않을 수도 있습니다
c:\svn\강사님\directx\11_frustumculling\11_main.cpp(168): warning C4244: '=': 'unsigned long'에서 'WORD'(으)로 변환하면서 데이터가 손실될 수 있습니다.
c:\svn\강사님\directx\11_frustumculling\11_main.cpp(169): warning C4244: '=': 'unsigned long'에서 'WORD'(으)로 변환하면서 데이터가 손실될 수 있습니다.
c:\svn\강사님\directx\11_frustumculling\11_main.cpp(170): warning C4244: '=': 'unsigned long'에서 'WORD'(으)로 변환하면서 데이터가 손실될 수 있습니다.
c:\svn\강사님\directx\11_frustumculling\11_main.cpp(173): warning C4244: '=': 'unsigned long'에서 'WORD'(으)로 변환하면서 데이터가 손실될 수 있습니다.
c:\svn\강사님\directx\11_frustumculling\11_main.cpp(174): warning C4244: '=': 'unsigned long'에서 'WORD'(으)로 변환하면서 데이터가 손실될 수 있습니다.
c:\svn\강사님\directx\11_frustumculling\11_main.cpp(175): warning C4244: '=': 'unsigned long'에서 'WORD'(으)로 변환하면서 데이터가 손실될 수 있습니다.
c:\svn\강사님\directx\11_frustumculling\11_main.cpp(283): warning C4244: '=': 'DWORD'에서 'WORD'(으)로 변환하면서 데이터가 손실될 수 있습니다.
c:\svn\강사님\directx\11_frustumculling\11_main.cpp(284): warning C4244: '=': 'DWORD'에서 'WORD'(으)로 변환하면서 데이터가 손실될 수 있습니다.
c:\svn\강사님\directx\11_frustumculling\11_main.cpp(285): warning C4244: '=': 'DWORD'에서 'WORD'(으)로 변환하면서 데이터가 손실될 수 있습니다.
c:\svn\강사님\directx\11_frustumculling\11_main.cpp(295): warning C4244: '=': 'DWORD'에서 'WORD'(으)로 변환하면서 데이터가 손실될 수 있습니다.
c:\svn\강사님\directx\11_frustumculling\11_main.cpp(296): warning C4244: '=': 'DWORD'에서 'WORD'(으)로 변환하면서 데이터가 손실될 수 있습니다.
c:\svn\강사님\directx\11_frustumculling\11_main.cpp(297): warning C4244: '=': 'DWORD'에서 'WORD'(으)로 변환하면서 데이터가 손실될 수 있습니다.
  코드를 생성하고 있습니다...
  11_FrustumCulling.vcxproj -> C:\Svn\강사님\DirectX\Debug\11_FrustumCulling.exe
