c:\svn\directx\10_heightmap\debug\vc141.pdb
c:\svn\directx\10_heightmap\debug\vc141.idb
c:\svn\directx\10_heightmap\debug\10_main.obj
c:\svn\directx\10_heightmap\debug\zflog.obj
c:\svn\directx\10_heightmap\debug\zcamera.obj
c:\svn\directx\debug\10_heightmap.exe
c:\svn\directx\debug\10_heightmap.ilk
c:\svn\directx\debug\10_heightmap.pdb
c:\users\administrator\documents\github\ydwrepos\directx\10_heightmap\debug\10_main.obj
c:\users\administrator\documents\github\ydwrepos\directx\10_heightmap\debug\zcamera.obj
c:\users\administrator\documents\github\ydwrepos\directx\10_heightmap\debug\zflog.obj
c:\users\administrator\documents\github\ydwrepos\directx\10_heightmap\debug\vc141.idb
c:\users\administrator\documents\github\ydwrepos\directx\10_heightmap\debug\vc141.pdb
c:\users\administrator\documents\github\ydwrepos\directx\debug\10_heightmap.pdb
c:\users\administrator\documents\github\ydwrepos\directx\debug\10_heightmap.exe
c:\users\administrator\documents\github\ydwrepos\directx\debug\10_heightmap.ilk
c:\users\administrator\documents\github\ydwrepos\directx\10_heightmap\debug\10_heightmap.tlog\cl.command.1.tlog
c:\users\administrator\documents\github\ydwrepos\directx\10_heightmap\debug\10_heightmap.tlog\cl.read.1.tlog
c:\users\administrator\documents\github\ydwrepos\directx\10_heightmap\debug\10_heightmap.tlog\cl.write.1.tlog
c:\users\administrator\documents\github\ydwrepos\directx\10_heightmap\debug\10_heightmap.tlog\link.command.1.tlog
c:\users\administrator\documents\github\ydwrepos\directx\10_heightmap\debug\10_heightmap.tlog\link.read.1.tlog
c:\users\administrator\documents\github\ydwrepos\directx\10_heightmap\debug\10_heightmap.tlog\link.write.1.tlog
